<?xml version="1.0" encoding="UTF-8"?>
<testng-results ignored="0" total="1" passed="1" failed="0" skipped="0">
  <reporter-output>
  </reporter-output>
  <suite started-at="2021-03-11T15:35:13 IST" name="Default suite" finished-at="2021-03-11T15:35:14 IST" duration-ms="932">
    <groups>
    </groups>
    <test started-at="2021-03-11T15:35:13 IST" name="Default test" finished-at="2021-03-11T15:35:14 IST" duration-ms="932">
      <class name="SumValidate">
        <test-method signature="sumOfCourses()[pri:0, instance:SumValidate@bef2d72]" started-at="2021-03-11T15:35:13 IST" name="sumOfCourses" finished-at="2021-03-11T15:35:14 IST" duration-ms="903" status="PASS">
          <reporter-output>
          </reporter-output>
        </test-method> <!-- sumOfCourses -->
      </class> <!-- SumValidate -->
    </test> <!-- Default test -->
  </suite> <!-- Default suite -->
</testng-results>
